Determining if the pthread_create exist failed with the following output:
Change Dir: /mnt/projekty/kostka/build-host/CMakeFiles/CMakeTmp

Run Build Command:"/usr/bin/make" "cmTryCompileExec1047736912/fast"
make: Warning: File 'Makefile' has modification time 0.32 s in the future
/usr/bin/make -f CMakeFiles/cmTryCompileExec1047736912.dir/build.make CMakeFiles/cmTryCompileExec1047736912.dir/build
make[1]: Entering directory '/mnt/projekty/kostka/build-host/CMakeFiles/CMakeTmp'
make[1]: Warning: File 'CMakeFiles/cmTryCompileExec1047736912.dir/flags.make' has modification time 0.098 s in the future
/usr/bin/cmake -E cmake_progress_report /mnt/projekty/kostka/build-host/CMakeFiles/CMakeTmp/CMakeFiles 1
Building C object CMakeFiles/cmTryCompileExec1047736912.dir/CheckSymbolExists.c.o
/usr/bin/cc    -o CMakeFiles/cmTryCompileExec1047736912.dir/CheckSymbolExists.c.o   -c /mnt/projekty/kostka/build-host/CMakeFiles/CMakeTmp/CheckSymbolExists.c
Linking C executable cmTryCompileExec1047736912
/usr/bin/cmake -E cmake_link_script CMakeFiles/cmTryCompileExec1047736912.dir/link.txt --verbose=1
/usr/bin/cc       CMakeFiles/cmTryCompileExec1047736912.dir/CheckSymbolExists.c.o  -o cmTryCompileExec1047736912 -rdynamic 
CMakeFiles/cmTryCompileExec1047736912.dir/CheckSymbolExists.c.o: In function `main':
CheckSymbolExists.c:(.text+0x16): undefined reference to `pthread_create'
collect2: error: ld returned 1 exit status
CMakeFiles/cmTryCompileExec1047736912.dir/build.make:88: recipe for target 'cmTryCompileExec1047736912' failed
make[1]: Leaving directory '/mnt/projekty/kostka/build-host/CMakeFiles/CMakeTmp'
make[1]: *** [cmTryCompileExec1047736912] Error 1
Makefile:118: recipe for target 'cmTryCompileExec1047736912/fast' failed
make: *** [cmTryCompileExec1047736912/fast] Error 2

File /mnt/projekty/kostka/build-host/CMakeFiles/CMakeTmp/CheckSymbolExists.c:
/* */
#include <pthread.h>

int main(int argc, char** argv)
{
  (void)argv;
#ifndef pthread_create
  return ((int*)(&pthread_create))[argc];
#else
  (void)argc;
  return 0;
#endif
}

Determining if the function pthread_create exists in the pthreads failed with the following output:
Change Dir: /mnt/projekty/kostka/build-host/CMakeFiles/CMakeTmp

Run Build Command:"/usr/bin/make" "cmTryCompileExec1253559330/fast"
make: Warning: File 'Makefile' has modification time 0.34 s in the future
/usr/bin/make -f CMakeFiles/cmTryCompileExec1253559330.dir/build.make CMakeFiles/cmTryCompileExec1253559330.dir/build
make[1]: Entering directory '/mnt/projekty/kostka/build-host/CMakeFiles/CMakeTmp'
make[1]: Warning: File 'CMakeFiles/cmTryCompileExec1253559330.dir/flags.make' has modification time 0.12 s in the future
/usr/bin/cmake -E cmake_progress_report /mnt/projekty/kostka/build-host/CMakeFiles/CMakeTmp/CMakeFiles 1
Building C object CMakeFiles/cmTryCompileExec1253559330.dir/CheckFunctionExists.c.o
/usr/bin/cc   -DCHECK_FUNCTION_EXISTS=pthread_create   -o CMakeFiles/cmTryCompileExec1253559330.dir/CheckFunctionExists.c.o   -c /usr/share/cmake-3.0/Modules/CheckFunctionExists.c
Linking C executable cmTryCompileExec1253559330
/usr/bin/cmake -E cmake_link_script CMakeFiles/cmTryCompileExec1253559330.dir/link.txt --verbose=1
/usr/bin/cc   -DCHECK_FUNCTION_EXISTS=pthread_create    CMakeFiles/cmTryCompileExec1253559330.dir/CheckFunctionExists.c.o  -o cmTryCompileExec1253559330 -rdynamic -lpthreads 
/usr/bin/ld: cannot find -lpthreads
collect2: error: ld returned 1 exit status
CMakeFiles/cmTryCompileExec1253559330.dir/build.make:88: recipe for target 'cmTryCompileExec1253559330' failed
make[1]: Leaving directory '/mnt/projekty/kostka/build-host/CMakeFiles/CMakeTmp'
make[1]: *** [cmTryCompileExec1253559330] Error 1
Makefile:118: recipe for target 'cmTryCompileExec1253559330/fast' failed
make: *** [cmTryCompileExec1253559330/fast] Error 2


Determining if the pthread_create exist failed with the following output:
Change Dir: /mnt/projekty/kostka/build-host/CMakeFiles/CMakeTmp

Run Build Command:"/usr/bin/make" "cmTryCompileExec2250266493/fast"
make: Warning: File 'Makefile' has modification time 0.23 s in the future
/usr/bin/make -f CMakeFiles/cmTryCompileExec2250266493.dir/build.make CMakeFiles/cmTryCompileExec2250266493.dir/build
make[1]: Entering directory '/mnt/projekty/kostka/build-host/CMakeFiles/CMakeTmp'
make[1]: Warning: File 'CMakeFiles/cmTryCompileExec2250266493.dir/flags.make' has modification time 0.013 s in the future
/usr/bin/cmake -E cmake_progress_report /mnt/projekty/kostka/build-host/CMakeFiles/CMakeTmp/CMakeFiles 1
Building C object CMakeFiles/cmTryCompileExec2250266493.dir/CheckSymbolExists.c.o
/usr/bin/cc    -o CMakeFiles/cmTryCompileExec2250266493.dir/CheckSymbolExists.c.o   -c /mnt/projekty/kostka/build-host/CMakeFiles/CMakeTmp/CheckSymbolExists.c
Linking C executable cmTryCompileExec2250266493
/usr/bin/cmake -E cmake_link_script CMakeFiles/cmTryCompileExec2250266493.dir/link.txt --verbose=1
/usr/bin/cc       CMakeFiles/cmTryCompileExec2250266493.dir/CheckSymbolExists.c.o  -o cmTryCompileExec2250266493 -rdynamic 
CMakeFiles/cmTryCompileExec2250266493.dir/CheckSymbolExists.c.o: In function `main':
CheckSymbolExists.c:(.text+0x16): undefined reference to `pthread_create'
collect2: error: ld returned 1 exit status
CMakeFiles/cmTryCompileExec2250266493.dir/build.make:88: recipe for target 'cmTryCompileExec2250266493' failed
make[1]: Leaving directory '/mnt/projekty/kostka/build-host/CMakeFiles/CMakeTmp'
make[1]: *** [cmTryCompileExec2250266493] Error 1
Makefile:118: recipe for target 'cmTryCompileExec2250266493/fast' failed
make: *** [cmTryCompileExec2250266493/fast] Error 2

File /mnt/projekty/kostka/build-host/CMakeFiles/CMakeTmp/CheckSymbolExists.c:
/* */
#include <pthread.h>

int main(int argc, char** argv)
{
  (void)argv;
#ifndef pthread_create
  return ((int*)(&pthread_create))[argc];
#else
  (void)argc;
  return 0;
#endif
}

Determining if the function pthread_create exists in the pthreads failed with the following output:
Change Dir: /mnt/projekty/kostka/build-host/CMakeFiles/CMakeTmp

Run Build Command:"/usr/bin/make" "cmTryCompileExec3596929696/fast"
make: Warning: File 'Makefile' has modification time 0.24 s in the future
/usr/bin/make -f CMakeFiles/cmTryCompileExec3596929696.dir/build.make CMakeFiles/cmTryCompileExec3596929696.dir/build
make[1]: Entering directory '/mnt/projekty/kostka/build-host/CMakeFiles/CMakeTmp'
make[1]: Warning: File 'CMakeFiles/cmTryCompileExec3596929696.dir/flags.make' has modification time 0.019 s in the future
/usr/bin/cmake -E cmake_progress_report /mnt/projekty/kostka/build-host/CMakeFiles/CMakeTmp/CMakeFiles 1
Building C object CMakeFiles/cmTryCompileExec3596929696.dir/CheckFunctionExists.c.o
/usr/bin/cc   -DCHECK_FUNCTION_EXISTS=pthread_create   -o CMakeFiles/cmTryCompileExec3596929696.dir/CheckFunctionExists.c.o   -c /usr/share/cmake-3.0/Modules/CheckFunctionExists.c
Linking C executable cmTryCompileExec3596929696
/usr/bin/cmake -E cmake_link_script CMakeFiles/cmTryCompileExec3596929696.dir/link.txt --verbose=1
/usr/bin/cc   -DCHECK_FUNCTION_EXISTS=pthread_create    CMakeFiles/cmTryCompileExec3596929696.dir/CheckFunctionExists.c.o  -o cmTryCompileExec3596929696 -rdynamic -lpthreads 
/usr/bin/ld: cannot find -lpthreads
collect2: error: ld returned 1 exit status
CMakeFiles/cmTryCompileExec3596929696.dir/build.make:88: recipe for target 'cmTryCompileExec3596929696' failed
make[1]: Leaving directory '/mnt/projekty/kostka/build-host/CMakeFiles/CMakeTmp'
make[1]: *** [cmTryCompileExec3596929696] Error 1
Makefile:118: recipe for target 'cmTryCompileExec3596929696/fast' failed
make: *** [cmTryCompileExec3596929696/fast] Error 2


Determining if the pthread_create exist failed with the following output:
Change Dir: /mnt/projekty/kostka/build-host/CMakeFiles/CMakeTmp

Run Build Command:"/usr/bin/make" "cmTryCompileExec1603628553/fast"
/usr/bin/make -f CMakeFiles/cmTryCompileExec1603628553.dir/build.make CMakeFiles/cmTryCompileExec1603628553.dir/build
make[1]: Entering directory '/mnt/projekty/kostka/build-host/CMakeFiles/CMakeTmp'
make[1]: Warning: File 'CMakeFiles/cmTryCompileExec1603628553.dir/progress.make' has modification time 0.16 s in the future
/usr/bin/cmake -E cmake_progress_report /mnt/projekty/kostka/build-host/CMakeFiles/CMakeTmp/CMakeFiles 1
Building C object CMakeFiles/cmTryCompileExec1603628553.dir/CheckSymbolExists.c.o
/usr/bin/cc    -o CMakeFiles/cmTryCompileExec1603628553.dir/CheckSymbolExists.c.o   -c /mnt/projekty/kostka/build-host/CMakeFiles/CMakeTmp/CheckSymbolExists.c
Linking C executable cmTryCompileExec1603628553
/usr/bin/cmake -E cmake_link_script CMakeFiles/cmTryCompileExec1603628553.dir/link.txt --verbose=1
/usr/bin/cc       CMakeFiles/cmTryCompileExec1603628553.dir/CheckSymbolExists.c.o  -o cmTryCompileExec1603628553 -rdynamic 
CMakeFiles/cmTryCompileExec1603628553.dir/CheckSymbolExists.c.o: In function `main':
CheckSymbolExists.c:(.text+0x16): undefined reference to `pthread_create'
collect2: error: ld returned 1 exit status
CMakeFiles/cmTryCompileExec1603628553.dir/build.make:88: recipe for target 'cmTryCompileExec1603628553' failed
make[1]: Leaving directory '/mnt/projekty/kostka/build-host/CMakeFiles/CMakeTmp'
make[1]: *** [cmTryCompileExec1603628553] Error 1
Makefile:118: recipe for target 'cmTryCompileExec1603628553/fast' failed
make: *** [cmTryCompileExec1603628553/fast] Error 2

File /mnt/projekty/kostka/build-host/CMakeFiles/CMakeTmp/CheckSymbolExists.c:
/* */
#include <pthread.h>

int main(int argc, char** argv)
{
  (void)argv;
#ifndef pthread_create
  return ((int*)(&pthread_create))[argc];
#else
  (void)argc;
  return 0;
#endif
}

Determining if the function pthread_create exists in the pthreads failed with the following output:
Change Dir: /mnt/projekty/kostka/build-host/CMakeFiles/CMakeTmp

Run Build Command:"/usr/bin/make" "cmTryCompileExec1454641288/fast"
/usr/bin/make -f CMakeFiles/cmTryCompileExec1454641288.dir/build.make CMakeFiles/cmTryCompileExec1454641288.dir/build
make[1]: Entering directory '/mnt/projekty/kostka/build-host/CMakeFiles/CMakeTmp'
/usr/bin/cmake -E cmake_progress_report /mnt/projekty/kostka/build-host/CMakeFiles/CMakeTmp/CMakeFiles 1
Building C object CMakeFiles/cmTryCompileExec1454641288.dir/CheckFunctionExists.c.o
/usr/bin/cc   -DCHECK_FUNCTION_EXISTS=pthread_create   -o CMakeFiles/cmTryCompileExec1454641288.dir/CheckFunctionExists.c.o   -c /usr/share/cmake-3.0/Modules/CheckFunctionExists.c
Linking C executable cmTryCompileExec1454641288
/usr/bin/cmake -E cmake_link_script CMakeFiles/cmTryCompileExec1454641288.dir/link.txt --verbose=1
/usr/bin/cc   -DCHECK_FUNCTION_EXISTS=pthread_create    CMakeFiles/cmTryCompileExec1454641288.dir/CheckFunctionExists.c.o  -o cmTryCompileExec1454641288 -rdynamic -lpthreads 
/usr/bin/ld: cannot find -lpthreads
collect2: error: ld returned 1 exit status
CMakeFiles/cmTryCompileExec1454641288.dir/build.make:88: recipe for target 'cmTryCompileExec1454641288' failed
make[1]: Leaving directory '/mnt/projekty/kostka/build-host/CMakeFiles/CMakeTmp'
make[1]: *** [cmTryCompileExec1454641288] Error 1
Makefile:118: recipe for target 'cmTryCompileExec1454641288/fast' failed
make: *** [cmTryCompileExec1454641288/fast] Error 2


Determining if the pthread_create exist failed with the following output:
Change Dir: /mnt/projekty/kostka/build-host/CMakeFiles/CMakeTmp

Run Build Command:"/usr/bin/make" "cmTryCompileExec2659900063/fast"
/usr/bin/make -f CMakeFiles/cmTryCompileExec2659900063.dir/build.make CMakeFiles/cmTryCompileExec2659900063.dir/build
make[1]: Entering directory '/mnt/projekty/kostka/build-host/CMakeFiles/CMakeTmp'
/usr/bin/cmake -E cmake_progress_report /mnt/projekty/kostka/build-host/CMakeFiles/CMakeTmp/CMakeFiles 1
Building C object CMakeFiles/cmTryCompileExec2659900063.dir/CheckSymbolExists.c.o
/usr/bin/cc    -o CMakeFiles/cmTryCompileExec2659900063.dir/CheckSymbolExists.c.o   -c /mnt/projekty/kostka/build-host/CMakeFiles/CMakeTmp/CheckSymbolExists.c
Linking C executable cmTryCompileExec2659900063
/usr/bin/cmake -E cmake_link_script CMakeFiles/cmTryCompileExec2659900063.dir/link.txt --verbose=1
/usr/bin/cc       CMakeFiles/cmTryCompileExec2659900063.dir/CheckSymbolExists.c.o  -o cmTryCompileExec2659900063 -rdynamic 
CMakeFiles/cmTryCompileExec2659900063.dir/CheckSymbolExists.c.o: In function `main':
CheckSymbolExists.c:(.text+0x16): undefined reference to `pthread_create'
collect2: error: ld returned 1 exit status
CMakeFiles/cmTryCompileExec2659900063.dir/build.make:88: recipe for target 'cmTryCompileExec2659900063' failed
make[1]: Leaving directory '/mnt/projekty/kostka/build-host/CMakeFiles/CMakeTmp'
make[1]: *** [cmTryCompileExec2659900063] Error 1
Makefile:118: recipe for target 'cmTryCompileExec2659900063/fast' failed
make: *** [cmTryCompileExec2659900063/fast] Error 2

File /mnt/projekty/kostka/build-host/CMakeFiles/CMakeTmp/CheckSymbolExists.c:
/* */
#include <pthread.h>

int main(int argc, char** argv)
{
  (void)argv;
#ifndef pthread_create
  return ((int*)(&pthread_create))[argc];
#else
  (void)argc;
  return 0;
#endif
}

Determining if the function pthread_create exists in the pthreads failed with the following output:
Change Dir: /mnt/projekty/kostka/build-host/CMakeFiles/CMakeTmp

Run Build Command:"/usr/bin/make" "cmTryCompileExec790863652/fast"
/usr/bin/make -f CMakeFiles/cmTryCompileExec790863652.dir/build.make CMakeFiles/cmTryCompileExec790863652.dir/build
make[1]: Entering directory '/mnt/projekty/kostka/build-host/CMakeFiles/CMakeTmp'
/usr/bin/cmake -E cmake_progress_report /mnt/projekty/kostka/build-host/CMakeFiles/CMakeTmp/CMakeFiles 1
Building C object CMakeFiles/cmTryCompileExec790863652.dir/CheckFunctionExists.c.o
/usr/bin/cc   -DCHECK_FUNCTION_EXISTS=pthread_create   -o CMakeFiles/cmTryCompileExec790863652.dir/CheckFunctionExists.c.o   -c /usr/share/cmake-3.0/Modules/CheckFunctionExists.c
Linking C executable cmTryCompileExec790863652
/usr/bin/cmake -E cmake_link_script CMakeFiles/cmTryCompileExec790863652.dir/link.txt --verbose=1
/usr/bin/cc   -DCHECK_FUNCTION_EXISTS=pthread_create    CMakeFiles/cmTryCompileExec790863652.dir/CheckFunctionExists.c.o  -o cmTryCompileExec790863652 -rdynamic -lpthreads 
/usr/bin/ld: cannot find -lpthreads
collect2: error: ld returned 1 exit status
CMakeFiles/cmTryCompileExec790863652.dir/build.make:88: recipe for target 'cmTryCompileExec790863652' failed
make[1]: Leaving directory '/mnt/projekty/kostka/build-host/CMakeFiles/CMakeTmp'
make[1]: *** [cmTryCompileExec790863652] Error 1
Makefile:118: recipe for target 'cmTryCompileExec790863652/fast' failed
make: *** [cmTryCompileExec790863652/fast] Error 2


Determining if the pthread_create exist failed with the following output:
Change Dir: /mnt/projekty/kostka/build-host/CMakeFiles/CMakeTmp

Run Build Command:"/usr/bin/make" "cmTryCompileExec1183477598/fast"
/usr/bin/make -f CMakeFiles/cmTryCompileExec1183477598.dir/build.make CMakeFiles/cmTryCompileExec1183477598.dir/build
make[1]: Entering directory '/mnt/projekty/kostka/build-host/CMakeFiles/CMakeTmp'
/usr/bin/cmake -E cmake_progress_report /mnt/projekty/kostka/build-host/CMakeFiles/CMakeTmp/CMakeFiles 1
Building C object CMakeFiles/cmTryCompileExec1183477598.dir/CheckSymbolExists.c.o
/usr/bin/cc    -o CMakeFiles/cmTryCompileExec1183477598.dir/CheckSymbolExists.c.o   -c /mnt/projekty/kostka/build-host/CMakeFiles/CMakeTmp/CheckSymbolExists.c
Linking C executable cmTryCompileExec1183477598
/usr/bin/cmake -E cmake_link_script CMakeFiles/cmTryCompileExec1183477598.dir/link.txt --verbose=1
/usr/bin/cc       CMakeFiles/cmTryCompileExec1183477598.dir/CheckSymbolExists.c.o  -o cmTryCompileExec1183477598 -rdynamic 
CMakeFiles/cmTryCompileExec1183477598.dir/CheckSymbolExists.c.o: In function `main':
CheckSymbolExists.c:(.text+0x16): undefined reference to `pthread_create'
collect2: error: ld returned 1 exit status
CMakeFiles/cmTryCompileExec1183477598.dir/build.make:88: recipe for target 'cmTryCompileExec1183477598' failed
make[1]: Leaving directory '/mnt/projekty/kostka/build-host/CMakeFiles/CMakeTmp'
make[1]: *** [cmTryCompileExec1183477598] Error 1
Makefile:118: recipe for target 'cmTryCompileExec1183477598/fast' failed
make: *** [cmTryCompileExec1183477598/fast] Error 2

File /mnt/projekty/kostka/build-host/CMakeFiles/CMakeTmp/CheckSymbolExists.c:
/* */
#include <pthread.h>

int main(int argc, char** argv)
{
  (void)argv;
#ifndef pthread_create
  return ((int*)(&pthread_create))[argc];
#else
  (void)argc;
  return 0;
#endif
}

Determining if the function pthread_create exists in the pthreads failed with the following output:
Change Dir: /mnt/projekty/kostka/build-host/CMakeFiles/CMakeTmp

Run Build Command:"/usr/bin/make" "cmTryCompileExec2358786636/fast"
/usr/bin/make -f CMakeFiles/cmTryCompileExec2358786636.dir/build.make CMakeFiles/cmTryCompileExec2358786636.dir/build
make[1]: Entering directory '/mnt/projekty/kostka/build-host/CMakeFiles/CMakeTmp'
/usr/bin/cmake -E cmake_progress_report /mnt/projekty/kostka/build-host/CMakeFiles/CMakeTmp/CMakeFiles 1
Building C object CMakeFiles/cmTryCompileExec2358786636.dir/CheckFunctionExists.c.o
/usr/bin/cc   -DCHECK_FUNCTION_EXISTS=pthread_create   -o CMakeFiles/cmTryCompileExec2358786636.dir/CheckFunctionExists.c.o   -c /usr/share/cmake-3.0/Modules/CheckFunctionExists.c
Linking C executable cmTryCompileExec2358786636
/usr/bin/cmake -E cmake_link_script CMakeFiles/cmTryCompileExec2358786636.dir/link.txt --verbose=1
/usr/bin/cc   -DCHECK_FUNCTION_EXISTS=pthread_create    CMakeFiles/cmTryCompileExec2358786636.dir/CheckFunctionExists.c.o  -o cmTryCompileExec2358786636 -rdynamic -lpthreads 
/usr/bin/ld: cannot find -lpthreads
collect2: error: ld returned 1 exit status
CMakeFiles/cmTryCompileExec2358786636.dir/build.make:88: recipe for target 'cmTryCompileExec2358786636' failed
make[1]: Leaving directory '/mnt/projekty/kostka/build-host/CMakeFiles/CMakeTmp'
make[1]: *** [cmTryCompileExec2358786636] Error 1
Makefile:118: recipe for target 'cmTryCompileExec2358786636/fast' failed
make: *** [cmTryCompileExec2358786636/fast] Error 2


Determining if the pthread_create exist failed with the following output:
Change Dir: /home/student/nao-dice-project/kostka/build-host/CMakeFiles/CMakeTmp

Run Build Command:"/usr/bin/make" "cmTryCompileExec1094689879/fast"
/usr/bin/make -f CMakeFiles/cmTryCompileExec1094689879.dir/build.make CMakeFiles/cmTryCompileExec1094689879.dir/build
make[1]: Entering directory '/home/student/nao-dice-project/kostka/build-host/CMakeFiles/CMakeTmp'
/usr/bin/cmake -E cmake_progress_report /home/student/nao-dice-project/kostka/build-host/CMakeFiles/CMakeTmp/CMakeFiles 1
Building C object CMakeFiles/cmTryCompileExec1094689879.dir/CheckSymbolExists.c.o
/usr/bin/cc    -o CMakeFiles/cmTryCompileExec1094689879.dir/CheckSymbolExists.c.o   -c /home/student/nao-dice-project/kostka/build-host/CMakeFiles/CMakeTmp/CheckSymbolExists.c
Linking C executable cmTryCompileExec1094689879
/usr/bin/cmake -E cmake_link_script CMakeFiles/cmTryCompileExec1094689879.dir/link.txt --verbose=1
/usr/bin/cc       CMakeFiles/cmTryCompileExec1094689879.dir/CheckSymbolExists.c.o  -o cmTryCompileExec1094689879 -rdynamic 
CMakeFiles/cmTryCompileExec1094689879.dir/CheckSymbolExists.c.o: In function `main':
CheckSymbolExists.c:(.text+0x16): undefined reference to `pthread_create'
collect2: error: ld returned 1 exit status
CMakeFiles/cmTryCompileExec1094689879.dir/build.make:88: recipe for target 'cmTryCompileExec1094689879' failed
make[1]: Leaving directory '/home/student/nao-dice-project/kostka/build-host/CMakeFiles/CMakeTmp'
Makefile:118: recipe for target 'cmTryCompileExec1094689879/fast' failed
make[1]: *** [cmTryCompileExec1094689879] Error 1
make: *** [cmTryCompileExec1094689879/fast] Error 2

File /home/student/nao-dice-project/kostka/build-host/CMakeFiles/CMakeTmp/CheckSymbolExists.c:
/* */
#include <pthread.h>

int main(int argc, char** argv)
{
  (void)argv;
#ifndef pthread_create
  return ((int*)(&pthread_create))[argc];
#else
  (void)argc;
  return 0;
#endif
}

Determining if the function pthread_create exists in the pthreads failed with the following output:
Change Dir: /home/student/nao-dice-project/kostka/build-host/CMakeFiles/CMakeTmp

Run Build Command:"/usr/bin/make" "cmTryCompileExec2246599423/fast"
/usr/bin/make -f CMakeFiles/cmTryCompileExec2246599423.dir/build.make CMakeFiles/cmTryCompileExec2246599423.dir/build
make[1]: Entering directory '/home/student/nao-dice-project/kostka/build-host/CMakeFiles/CMakeTmp'
/usr/bin/cmake -E cmake_progress_report /home/student/nao-dice-project/kostka/build-host/CMakeFiles/CMakeTmp/CMakeFiles 1
Building C object CMakeFiles/cmTryCompileExec2246599423.dir/CheckFunctionExists.c.o
/usr/bin/cc   -DCHECK_FUNCTION_EXISTS=pthread_create   -o CMakeFiles/cmTryCompileExec2246599423.dir/CheckFunctionExists.c.o   -c /usr/share/cmake-3.0/Modules/CheckFunctionExists.c
Linking C executable cmTryCompileExec2246599423
/usr/bin/cmake -E cmake_link_script CMakeFiles/cmTryCompileExec2246599423.dir/link.txt --verbose=1
/usr/bin/cc   -DCHECK_FUNCTION_EXISTS=pthread_create    CMakeFiles/cmTryCompileExec2246599423.dir/CheckFunctionExists.c.o  -o cmTryCompileExec2246599423 -rdynamic -lpthreads 
/usr/bin/ld: cannot find -lpthreads
collect2: error: ld returned 1 exit status
CMakeFiles/cmTryCompileExec2246599423.dir/build.make:88: recipe for target 'cmTryCompileExec2246599423' failed
make[1]: Leaving directory '/home/student/nao-dice-project/kostka/build-host/CMakeFiles/CMakeTmp'
Makefile:118: recipe for target 'cmTryCompileExec2246599423/fast' failed
make[1]: *** [cmTryCompileExec2246599423] Error 1
make: *** [cmTryCompileExec2246599423/fast] Error 2


Determining if the pthread_create exist failed with the following output:
Change Dir: /home/student/nao-dice-project/kostka/build-host/CMakeFiles/CMakeTmp

Run Build Command:"/usr/bin/make" "cmTryCompileExec2982439364/fast"
/usr/bin/make -f CMakeFiles/cmTryCompileExec2982439364.dir/build.make CMakeFiles/cmTryCompileExec2982439364.dir/build
make[1]: Entering directory '/home/student/nao-dice-project/kostka/build-host/CMakeFiles/CMakeTmp'
/usr/bin/cmake -E cmake_progress_report /home/student/nao-dice-project/kostka/build-host/CMakeFiles/CMakeTmp/CMakeFiles 1
Building C object CMakeFiles/cmTryCompileExec2982439364.dir/CheckSymbolExists.c.o
/usr/bin/cc    -o CMakeFiles/cmTryCompileExec2982439364.dir/CheckSymbolExists.c.o   -c /home/student/nao-dice-project/kostka/build-host/CMakeFiles/CMakeTmp/CheckSymbolExists.c
Linking C executable cmTryCompileExec2982439364
/usr/bin/cmake -E cmake_link_script CMakeFiles/cmTryCompileExec2982439364.dir/link.txt --verbose=1
/usr/bin/cc       CMakeFiles/cmTryCompileExec2982439364.dir/CheckSymbolExists.c.o  -o cmTryCompileExec2982439364 -rdynamic 
CMakeFiles/cmTryCompileExec2982439364.dir/CheckSymbolExists.c.o: In function `main':
CheckSymbolExists.c:(.text+0x16): undefined reference to `pthread_create'
collect2: error: ld returned 1 exit status
CMakeFiles/cmTryCompileExec2982439364.dir/build.make:88: recipe for target 'cmTryCompileExec2982439364' failed
make[1]: Leaving directory '/home/student/nao-dice-project/kostka/build-host/CMakeFiles/CMakeTmp'
Makefile:118: recipe for target 'cmTryCompileExec2982439364/fast' failed
make[1]: *** [cmTryCompileExec2982439364] Error 1
make: *** [cmTryCompileExec2982439364/fast] Error 2

File /home/student/nao-dice-project/kostka/build-host/CMakeFiles/CMakeTmp/CheckSymbolExists.c:
/* */
#include <pthread.h>

int main(int argc, char** argv)
{
  (void)argv;
#ifndef pthread_create
  return ((int*)(&pthread_create))[argc];
#else
  (void)argc;
  return 0;
#endif
}

Determining if the function pthread_create exists in the pthreads failed with the following output:
Change Dir: /home/student/nao-dice-project/kostka/build-host/CMakeFiles/CMakeTmp

Run Build Command:"/usr/bin/make" "cmTryCompileExec1002323641/fast"
/usr/bin/make -f CMakeFiles/cmTryCompileExec1002323641.dir/build.make CMakeFiles/cmTryCompileExec1002323641.dir/build
make[1]: Entering directory '/home/student/nao-dice-project/kostka/build-host/CMakeFiles/CMakeTmp'
/usr/bin/cmake -E cmake_progress_report /home/student/nao-dice-project/kostka/build-host/CMakeFiles/CMakeTmp/CMakeFiles 1
Building C object CMakeFiles/cmTryCompileExec1002323641.dir/CheckFunctionExists.c.o
/usr/bin/cc   -DCHECK_FUNCTION_EXISTS=pthread_create   -o CMakeFiles/cmTryCompileExec1002323641.dir/CheckFunctionExists.c.o   -c /usr/share/cmake-3.0/Modules/CheckFunctionExists.c
Linking C executable cmTryCompileExec1002323641
/usr/bin/cmake -E cmake_link_script CMakeFiles/cmTryCompileExec1002323641.dir/link.txt --verbose=1
/usr/bin/cc   -DCHECK_FUNCTION_EXISTS=pthread_create    CMakeFiles/cmTryCompileExec1002323641.dir/CheckFunctionExists.c.o  -o cmTryCompileExec1002323641 -rdynamic -lpthreads 
/usr/bin/ld: cannot find -lpthreads
collect2: error: ld returned 1 exit status
CMakeFiles/cmTryCompileExec1002323641.dir/build.make:88: recipe for target 'cmTryCompileExec1002323641' failed
make[1]: Leaving directory '/home/student/nao-dice-project/kostka/build-host/CMakeFiles/CMakeTmp'
Makefile:118: recipe for target 'cmTryCompileExec1002323641/fast' failed
make[1]: *** [cmTryCompileExec1002323641] Error 1
make: *** [cmTryCompileExec1002323641/fast] Error 2


Determining if the pthread_create exist failed with the following output:
Change Dir: /home/student/nao-dice-project/kostka/build-host/CMakeFiles/CMakeTmp

Run Build Command:"/usr/bin/make" "cmTryCompileExec87349040/fast"
/usr/bin/make -f CMakeFiles/cmTryCompileExec87349040.dir/build.make CMakeFiles/cmTryCompileExec87349040.dir/build
make[1]: Entering directory '/home/student/nao-dice-project/kostka/build-host/CMakeFiles/CMakeTmp'
/usr/bin/cmake -E cmake_progress_report /home/student/nao-dice-project/kostka/build-host/CMakeFiles/CMakeTmp/CMakeFiles 1
Building C object CMakeFiles/cmTryCompileExec87349040.dir/CheckSymbolExists.c.o
/usr/bin/cc    -o CMakeFiles/cmTryCompileExec87349040.dir/CheckSymbolExists.c.o   -c /home/student/nao-dice-project/kostka/build-host/CMakeFiles/CMakeTmp/CheckSymbolExists.c
Linking C executable cmTryCompileExec87349040
/usr/bin/cmake -E cmake_link_script CMakeFiles/cmTryCompileExec87349040.dir/link.txt --verbose=1
/usr/bin/cc       CMakeFiles/cmTryCompileExec87349040.dir/CheckSymbolExists.c.o  -o cmTryCompileExec87349040 -rdynamic 
CMakeFiles/cmTryCompileExec87349040.dir/CheckSymbolExists.c.o: In function `main':
CheckSymbolExists.c:(.text+0x16): undefined reference to `pthread_create'
collect2: error: ld returned 1 exit status
CMakeFiles/cmTryCompileExec87349040.dir/build.make:88: recipe for target 'cmTryCompileExec87349040' failed
make[1]: Leaving directory '/home/student/nao-dice-project/kostka/build-host/CMakeFiles/CMakeTmp'
Makefile:118: recipe for target 'cmTryCompileExec87349040/fast' failed
make[1]: *** [cmTryCompileExec87349040] Error 1
make: *** [cmTryCompileExec87349040/fast] Error 2

File /home/student/nao-dice-project/kostka/build-host/CMakeFiles/CMakeTmp/CheckSymbolExists.c:
/* */
#include <pthread.h>

int main(int argc, char** argv)
{
  (void)argv;
#ifndef pthread_create
  return ((int*)(&pthread_create))[argc];
#else
  (void)argc;
  return 0;
#endif
}

Determining if the function pthread_create exists in the pthreads failed with the following output:
Change Dir: /home/student/nao-dice-project/kostka/build-host/CMakeFiles/CMakeTmp

Run Build Command:"/usr/bin/make" "cmTryCompileExec748506066/fast"
/usr/bin/make -f CMakeFiles/cmTryCompileExec748506066.dir/build.make CMakeFiles/cmTryCompileExec748506066.dir/build
make[1]: Entering directory '/home/student/nao-dice-project/kostka/build-host/CMakeFiles/CMakeTmp'
/usr/bin/cmake -E cmake_progress_report /home/student/nao-dice-project/kostka/build-host/CMakeFiles/CMakeTmp/CMakeFiles 1
Building C object CMakeFiles/cmTryCompileExec748506066.dir/CheckFunctionExists.c.o
/usr/bin/cc   -DCHECK_FUNCTION_EXISTS=pthread_create   -o CMakeFiles/cmTryCompileExec748506066.dir/CheckFunctionExists.c.o   -c /usr/share/cmake-3.0/Modules/CheckFunctionExists.c
Linking C executable cmTryCompileExec748506066
/usr/bin/cmake -E cmake_link_script CMakeFiles/cmTryCompileExec748506066.dir/link.txt --verbose=1
/usr/bin/cc   -DCHECK_FUNCTION_EXISTS=pthread_create    CMakeFiles/cmTryCompileExec748506066.dir/CheckFunctionExists.c.o  -o cmTryCompileExec748506066 -rdynamic -lpthreads 
/usr/bin/ld: cannot find -lpthreads
collect2: error: ld returned 1 exit status
CMakeFiles/cmTryCompileExec748506066.dir/build.make:88: recipe for target 'cmTryCompileExec748506066' failed
make[1]: Leaving directory '/home/student/nao-dice-project/kostka/build-host/CMakeFiles/CMakeTmp'
Makefile:118: recipe for target 'cmTryCompileExec748506066/fast' failed
make[1]: *** [cmTryCompileExec748506066] Error 1
make: *** [cmTryCompileExec748506066/fast] Error 2


